<?xml version="1.0" encoding="UTF-8"?>
<!-- Generated by org.testng.reporters.JUnitXMLReporter -->
<testsuite ignored="0" hostname="DESKTOP-BQHHH7G" failures="2" tests="2" name="Test" time="87.407" errors="0" timestamp="2023-12-11T01:04:05 IST">
  <testcase classname="shoppersstack.testscripts.DemoTest1" name="demoTest" time="0.035">
    <failure type="java.lang.AssertionError" message="null">
      <![CDATA[java.lang.AssertionError: null
at shoppersstack.testscripts.DemoTest1.demoTest(DemoTest1.java:26)
at java.base/java.util.ArrayList.forEach(ArrayList.java:1511)
... Removed 29 stack frames]]>
    </failure>
  </testcase> <!-- demoTest -->
  <testcase classname="shoppersstack.testscripts.AddAddressTest4" name="addAddress" time="0.004">
    <failure type="java.lang.AssertionError" message="null">
      <![CDATA[java.lang.AssertionError: null
at shoppersstack.testscripts.AddAddressTest4.addAddress(AddAddressTest4.java:26)
at java.base/java.util.ArrayList.forEach(ArrayList.java:1511)
... Removed 29 stack frames]]>
    </failure>
  </testcase> <!-- addAddress -->
</testsuite> <!-- Test -->
